2025-12-23 00:32:45 INFO  o.a.k.c.c.i.ConsumerCoordinator - [Consumer clientId=consumer-email-service-group-1, groupId=email-service-group] Group coordinator kafka:9092 (id: 2147483646 rack: null) is unavailable or invalid due to cause: session timed out without receiving a heartbeat response. isDisconnected: false. Rediscovery will be attempted.
2025-12-23 00:33:32 INFO  o.a.k.c.c.i.ConsumerCoordinator - [Consumer clientId=consumer-email-service-group-1, groupId=email-service-group] Requesting disconnect from last known coordinator kafka:9092 (id: 2147483646 rack: null)
2025-12-23 00:33:33 INFO  o.apache.kafka.clients.NetworkClient - [Consumer clientId=consumer-email-service-group-1, groupId=email-service-group] Client requested disconnect from node 2147483646
2025-12-23 00:33:34 INFO  o.apache.kafka.clients.NetworkClient - [Consumer clientId=consumer-email-service-group-1, groupId=email-service-group] Disconnecting from node 1 due to request timeout.
2025-12-23 00:33:34 INFO  o.apache.kafka.clients.NetworkClient - [Consumer clientId=consumer-email-service-group-1, groupId=email-service-group] Cancelled in-flight METADATA request with correlation id 271417 due to node 1 being disconnected (elapsed time since creation: 48589ms, elapsed time since send: 48589ms, request timeout: 30000ms)
2025-12-23 00:33:36 INFO  o.a.k.c.c.i.ConsumerCoordinator - [Consumer clientId=consumer-email-service-group-1, groupId=email-service-group] Discovered group coordinator kafka:9092 (id: 2147483646 rack: null)
2025-12-23 02:34:03 INFO  o.a.k.c.c.i.ConsumerCoordinator - [Consumer clientId=consumer-email-service-group-1, groupId=email-service-group] Group coordinator kafka:9092 (id: 2147483646 rack: null) is unavailable or invalid due to cause: session timed out without receiving a heartbeat response. isDisconnected: false. Rediscovery will be attempted.
2025-12-23 02:34:03 INFO  o.a.k.c.c.i.ConsumerCoordinator - [Consumer clientId=consumer-email-service-group-1, groupId=email-service-group] Requesting disconnect from last known coordinator kafka:9092 (id: 2147483646 rack: null)
2025-12-23 02:34:03 INFO  o.apache.kafka.clients.NetworkClient - [Consumer clientId=consumer-email-service-group-1, groupId=email-service-group] Client requested disconnect from node 2147483646
2025-12-23 02:34:04 INFO  o.a.k.c.c.i.ConsumerCoordinator - [Consumer clientId=consumer-email-service-group-1, groupId=email-service-group] Discovered group coordinator kafka:9092 (id: 2147483646 rack: null)
2025-12-23 02:34:18 INFO  c.n.d.s.r.aws.ConfigClusterResolver - Resolving eureka endpoints via configuration
2025-12-23 04:18:56 INFO  o.a.k.c.c.i.ConsumerCoordinator - [Consumer clientId=consumer-email-service-group-1, groupId=email-service-group] Group coordinator kafka:9092 (id: 2147483646 rack: null) is unavailable or invalid due to cause: session timed out without receiving a heartbeat response. isDisconnected: false. Rediscovery will be attempted.
2025-12-23 04:18:56 INFO  o.a.k.c.c.i.ConsumerCoordinator - [Consumer clientId=consumer-email-service-group-1, groupId=email-service-group] Requesting disconnect from last known coordinator kafka:9092 (id: 2147483646 rack: null)
2025-12-23 04:18:56 INFO  o.apache.kafka.clients.NetworkClient - [Consumer clientId=consumer-email-service-group-1, groupId=email-service-group] Client requested disconnect from node 2147483646
2025-12-23 04:18:57 INFO  o.a.k.c.c.i.ConsumerCoordinator - [Consumer clientId=consumer-email-service-group-1, groupId=email-service-group] Discovered group coordinator kafka:9092 (id: 2147483646 rack: null)
2025-12-23 04:26:50 INFO  o.apache.kafka.clients.NetworkClient - [Consumer clientId=consumer-email-service-group-1, groupId=email-service-group] Disconnecting from node 1 due to request timeout.
2025-12-23 04:26:50 INFO  o.apache.kafka.clients.NetworkClient - [Consumer clientId=consumer-email-service-group-1, groupId=email-service-group] Cancelled in-flight FETCH request with correlation id 271634 due to node 1 being disconnected (elapsed time since creation: 470082ms, elapsed time since send: 470082ms, request timeout: 30000ms)
2025-12-23 04:26:50 INFO  o.a.k.c.c.i.ConsumerCoordinator - [Consumer clientId=consumer-email-service-group-1, groupId=email-service-group] Group coordinator kafka:9092 (id: 2147483646 rack: null) is unavailable or invalid due to cause: session timed out without receiving a heartbeat response. isDisconnected: false. Rediscovery will be attempted.
2025-12-23 04:26:50 INFO  o.a.k.c.c.i.ConsumerCoordinator - [Consumer clientId=consumer-email-service-group-1, groupId=email-service-group] Requesting disconnect from last known coordinator kafka:9092 (id: 2147483646 rack: null)
2025-12-23 04:26:50 INFO  o.a.k.clients.FetchSessionHandler - [Consumer clientId=consumer-email-service-group-1, groupId=email-service-group] Error sending fetch request (sessionId=1710028009, epoch=40144) to node 1:
org.apache.kafka.common.errors.DisconnectException: null
2025-12-23 04:26:51 INFO  o.apache.kafka.clients.NetworkClient - [Consumer clientId=consumer-email-service-group-1, groupId=email-service-group] Client requested disconnect from node 2147483646
2025-12-23 04:26:51 INFO  o.a.k.c.c.i.ConsumerCoordinator - [Consumer clientId=consumer-email-service-group-1, groupId=email-service-group] Discovered group coordinator kafka:9092 (id: 2147483646 rack: null)
2025-12-23 04:30:31 INFO  c.n.d.s.r.aws.ConfigClusterResolver - Resolving eureka endpoints via configuration
2025-12-23 04:35:31 INFO  c.n.d.s.r.aws.ConfigClusterResolver - Resolving eureka endpoints via configuration
2025-12-23 04:40:31 INFO  c.n.d.s.r.aws.ConfigClusterResolver - Resolving eureka endpoints via configuration
2025-12-23 04:45:31 INFO  c.n.d.s.r.aws.ConfigClusterResolver - Resolving eureka endpoints via configuration
2025-12-23 04:50:31 INFO  c.n.d.s.r.aws.ConfigClusterResolver - Resolving eureka endpoints via configuration
2025-12-23 06:01:57 INFO  o.a.k.c.c.i.ConsumerCoordinator - [Consumer clientId=consumer-email-service-group-1, groupId=email-service-group] Group coordinator kafka:9092 (id: 2147483646 rack: null) is unavailable or invalid due to cause: session timed out without receiving a heartbeat response. isDisconnected: false. Rediscovery will be attempted.
2025-12-23 06:01:57 INFO  o.a.k.c.c.i.ConsumerCoordinator - [Consumer clientId=consumer-email-service-group-1, groupId=email-service-group] Requesting disconnect from last known coordinator kafka:9092 (id: 2147483646 rack: null)
2025-12-23 06:01:57 INFO  o.apache.kafka.clients.NetworkClient - [Consumer clientId=consumer-email-service-group-1, groupId=email-service-group] Client requested disconnect from node 2147483646
2025-12-23 06:01:57 INFO  o.apache.kafka.clients.NetworkClient - [Consumer clientId=consumer-email-service-group-1, groupId=email-service-group] Disconnecting from node 1 due to request timeout.
2025-12-23 06:01:57 INFO  o.apache.kafka.clients.NetworkClient - [Consumer clientId=consumer-email-service-group-1, groupId=email-service-group] Cancelled in-flight METADATA request with correlation id 275132 due to node 1 being disconnected (elapsed time since creation: 101ms, elapsed time since send: 101ms, request timeout: 30000ms)
2025-12-23 06:01:57 INFO  o.apache.kafka.clients.NetworkClient - [Consumer clientId=consumer-email-service-group-1, groupId=email-service-group] Cancelled in-flight FIND_COORDINATOR request with correlation id 275133 due to node 1 being disconnected (elapsed time since creation: 1ms, elapsed time since send: 4193288ms, request timeout: 30000ms)
2025-12-23 06:24:08 INFO  o.apache.kafka.clients.NetworkClient - [Consumer clientId=consumer-email-service-group-1, groupId=email-service-group] Disconnecting from node 1 due to request timeout.
2025-12-23 06:24:08 INFO  o.apache.kafka.clients.NetworkClient - [Consumer clientId=consumer-email-service-group-1, groupId=email-service-group] Cancelled in-flight FIND_COORDINATOR request with correlation id 275136 due to node 1 being disconnected (elapsed time since creation: 1329883ms, elapsed time since send: 1326598ms, request timeout: 30000ms)
2025-12-23 06:24:08 INFO  o.a.k.c.c.i.ConsumerCoordinator - [Consumer clientId=consumer-email-service-group-1, groupId=email-service-group] Discovered group coordinator kafka:9092 (id: 2147483646 rack: null)
2025-12-23 08:27:51 INFO  o.apache.kafka.clients.NetworkClient - [Consumer clientId=consumer-email-service-group-1, groupId=email-service-group] Disconnecting from node 1 due to request timeout.
2025-12-23 08:27:52 INFO  o.apache.kafka.clients.NetworkClient - [Consumer clientId=consumer-email-service-group-1, groupId=email-service-group] Cancelled in-flight FETCH request with correlation id 275154 due to node 1 being disconnected (elapsed time since creation: 7417677ms, elapsed time since send: 7417677ms, request timeout: 30000ms)
2025-12-23 08:27:52 INFO  o.a.k.c.c.i.ConsumerCoordinator - [Consumer clientId=consumer-email-service-group-1, groupId=email-service-group] Group coordinator kafka:9092 (id: 2147483646 rack: null) is unavailable or invalid due to cause: session timed out without receiving a heartbeat response. isDisconnected: false. Rediscovery will be attempted.
2025-12-23 08:27:52 INFO  o.a.k.c.c.i.ConsumerCoordinator - [Consumer clientId=consumer-email-service-group-1, groupId=email-service-group] Requesting disconnect from last known coordinator kafka:9092 (id: 2147483646 rack: null)
2025-12-23 08:27:52 INFO  o.apache.kafka.clients.NetworkClient - [Consumer clientId=consumer-email-service-group-1, groupId=email-service-group] Client requested disconnect from node 2147483646
2025-12-23 08:27:52 INFO  o.a.k.clients.FetchSessionHandler - [Consumer clientId=consumer-email-service-group-1, groupId=email-service-group] Error sending fetch request (sessionId=2015105073, epoch=2995) to node 1:
org.apache.kafka.common.errors.DisconnectException: null
2025-12-23 08:27:54 INFO  o.a.k.c.c.i.ConsumerCoordinator - [Consumer clientId=consumer-email-service-group-1, groupId=email-service-group] Discovered group coordinator kafka:9092 (id: 2147483646 rack: null)
2025-12-23 08:27:54 WARN  o.a.k.c.c.i.ConsumerCoordinator - [Consumer clientId=consumer-email-service-group-1, groupId=email-service-group] consumer poll timeout has expired. This means the time between subsequent calls to poll() was longer than the configured max.poll.interval.ms, which typically implies that the poll loop is spending too much time processing messages. You can address this either by increasing max.poll.interval.ms or by reducing the maximum size of batches returned in poll() with max.poll.records.
2025-12-23 08:27:54 INFO  o.a.k.c.c.i.ConsumerCoordinator - [Consumer clientId=consumer-email-service-group-1, groupId=email-service-group] Member consumer-email-service-group-1-6a4ff234-adb0-4bd4-b31e-50b2637cf9ec sending LeaveGroup request to coordinator kafka:9092 (id: 2147483646 rack: null) due to consumer poll timeout has expired.
2025-12-23 08:27:54 INFO  o.a.k.c.c.i.ConsumerCoordinator - [Consumer clientId=consumer-email-service-group-1, groupId=email-service-group] Discovered group coordinator kafka:9092 (id: 2147483646 rack: null)
2025-12-23 08:27:54 INFO  o.a.k.c.c.i.ConsumerCoordinator - [Consumer clientId=consumer-email-service-group-1, groupId=email-service-group] Resetting generation and member id due to: consumer pro-actively leaving the group
2025-12-23 08:27:54 INFO  o.a.k.c.c.i.ConsumerCoordinator - [Consumer clientId=consumer-email-service-group-1, groupId=email-service-group] Request joining group due to: consumer pro-actively leaving the group
2025-12-23 08:27:54 INFO  o.a.k.c.c.i.ConsumerCoordinator - [Consumer clientId=consumer-email-service-group-1, groupId=email-service-group] Giving away all assigned partitions as lost since generation/memberID has been reset,indicating that consumer is in old state or no longer part of the group
2025-12-23 08:27:55 INFO  o.a.k.c.c.i.ConsumerCoordinator - [Consumer clientId=consumer-email-service-group-1, groupId=email-service-group] Lost previously assigned partitions booking-confirmed-0
2025-12-23 08:27:55 INFO  o.s.k.l.KafkaMessageListenerContainer - email-service-group: partitions lost: [booking-confirmed-0]
2025-12-23 08:27:55 INFO  o.s.k.l.KafkaMessageListenerContainer - email-service-group: partitions revoked: [booking-confirmed-0]
2025-12-23 08:27:55 INFO  o.a.k.c.c.i.ConsumerCoordinator - [Consumer clientId=consumer-email-service-group-1, groupId=email-service-group] (Re-)joining group
2025-12-23 08:28:40 INFO  o.apache.kafka.clients.NetworkClient - [Consumer clientId=consumer-email-service-group-1, groupId=email-service-group] Disconnecting from node 1 due to request timeout.
2025-12-23 08:28:40 INFO  o.apache.kafka.clients.NetworkClient - [Consumer clientId=consumer-email-service-group-1, groupId=email-service-group] Cancelled in-flight FIND_COORDINATOR request with correlation id 275160 due to node 1 being disconnected (elapsed time since creation: 46513ms, elapsed time since send: 46412ms, request timeout: 30000ms)
2025-12-23 08:28:40 INFO  o.apache.kafka.clients.NetworkClient - [Consumer clientId=consumer-email-service-group-1, groupId=email-service-group] Disconnecting from node 2147483646 due to request timeout.
2025-12-23 08:28:40 INFO  o.apache.kafka.clients.NetworkClient - [Consumer clientId=consumer-email-service-group-1, groupId=email-service-group] Cancelled in-flight API_VERSIONS request with correlation id 275162 due to node 2147483646 being disconnected (elapsed time since creation: 45865ms, elapsed time since send: 45865ms, request timeout: 30000ms)
2025-12-23 08:28:40 INFO  o.a.k.c.c.i.ConsumerCoordinator - [Consumer clientId=consumer-email-service-group-1, groupId=email-service-group] Discovered group coordinator kafka:9092 (id: 2147483646 rack: null)
2025-12-23 08:28:40 INFO  o.a.k.c.c.i.ConsumerCoordinator - [Consumer clientId=consumer-email-service-group-1, groupId=email-service-group] Group coordinator kafka:9092 (id: 2147483646 rack: null) is unavailable or invalid due to cause: null. isDisconnected: true. Rediscovery will be attempted.
2025-12-23 08:28:40 INFO  o.a.k.c.c.i.ConsumerCoordinator - [Consumer clientId=consumer-email-service-group-1, groupId=email-service-group] Request joining group due to: rebalance failed due to 'null' (DisconnectException)
2025-12-23 08:28:41 INFO  o.a.k.c.c.i.ConsumerCoordinator - [Consumer clientId=consumer-email-service-group-1, groupId=email-service-group] Discovered group coordinator kafka:9092 (id: 2147483646 rack: null)
2025-12-23 08:28:41 INFO  o.a.k.c.c.i.ConsumerCoordinator - [Consumer clientId=consumer-email-service-group-1, groupId=email-service-group] (Re-)joining group
2025-12-23 08:28:41 INFO  o.a.k.c.c.i.ConsumerCoordinator - [Consumer clientId=consumer-email-service-group-1, groupId=email-service-group] Request joining group due to: need to re-join with the given member-id: consumer-email-service-group-1-8e87a941-42d1-42f3-b4dc-4935880f161b
2025-12-23 08:28:41 INFO  o.a.k.c.c.i.ConsumerCoordinator - [Consumer clientId=consumer-email-service-group-1, groupId=email-service-group] Request joining group due to: rebalance failed due to 'The group member needs to have a valid member id before actually entering a consumer group.' (MemberIdRequiredException)
2025-12-23 08:28:41 INFO  o.a.k.c.c.i.ConsumerCoordinator - [Consumer clientId=consumer-email-service-group-1, groupId=email-service-group] (Re-)joining group
2025-12-23 08:29:23 INFO  o.a.k.c.c.i.ConsumerCoordinator - [Consumer clientId=consumer-email-service-group-1, groupId=email-service-group] Successfully joined group with generation Generation{generationId=16, memberId='consumer-email-service-group-1-8e87a941-42d1-42f3-b4dc-4935880f161b', protocol='range'}
2025-12-23 08:29:23 INFO  o.a.k.c.c.i.ConsumerCoordinator - [Consumer clientId=consumer-email-service-group-1, groupId=email-service-group] Finished assignment for group at generation 16: {consumer-email-service-group-1-8e87a941-42d1-42f3-b4dc-4935880f161b=Assignment(partitions=[booking-confirmed-0])}
2025-12-23 08:29:25 INFO  o.a.k.c.c.i.ConsumerCoordinator - [Consumer clientId=consumer-email-service-group-1, groupId=email-service-group] Successfully synced group in generation Generation{generationId=16, memberId='consumer-email-service-group-1-8e87a941-42d1-42f3-b4dc-4935880f161b', protocol='range'}
2025-12-23 08:29:25 INFO  o.a.k.c.c.i.ConsumerCoordinator - [Consumer clientId=consumer-email-service-group-1, groupId=email-service-group] Notifying assignor about the new Assignment(partitions=[booking-confirmed-0])
2025-12-23 08:29:25 INFO  o.a.k.c.c.i.ConsumerCoordinator - [Consumer clientId=consumer-email-service-group-1, groupId=email-service-group] Adding newly assigned partitions: booking-confirmed-0
2025-12-23 08:29:25 INFO  o.a.k.c.c.i.ConsumerCoordinator - [Consumer clientId=consumer-email-service-group-1, groupId=email-service-group] Setting offset for partition booking-confirmed-0 to the committed offset FetchPosition{offset=24, offsetEpoch=Optional.empty, currentLeader=LeaderAndEpoch{leader=Optional[kafka:9092 (id: 1 rack: null)], epoch=0}}
2025-12-23 08:29:25 INFO  o.s.k.l.KafkaMessageListenerContainer - email-service-group: partitions assigned: [booking-confirmed-0]
2025-12-23 08:31:50 INFO  c.n.d.s.r.aws.ConfigClusterResolver - Resolving eureka endpoints via configuration
2025-12-23 08:36:50 INFO  c.n.d.s.r.aws.ConfigClusterResolver - Resolving eureka endpoints via configuration
2025-12-23 08:41:50 INFO  c.n.d.s.r.aws.ConfigClusterResolver - Resolving eureka endpoints via configuration
2025-12-23 08:46:50 INFO  c.n.d.s.r.aws.ConfigClusterResolver - Resolving eureka endpoints via configuration
2025-12-23 08:51:50 INFO  c.n.d.s.r.aws.ConfigClusterResolver - Resolving eureka endpoints via configuration
2025-12-23 08:56:50 INFO  c.n.d.s.r.aws.ConfigClusterResolver - Resolving eureka endpoints via configuration
2025-12-23 09:01:50 INFO  c.n.d.s.r.aws.ConfigClusterResolver - Resolving eureka endpoints via configuration
2025-12-23 09:06:50 INFO  c.n.d.s.r.aws.ConfigClusterResolver - Resolving eureka endpoints via configuration
2025-12-23 09:11:50 INFO  c.n.d.s.r.aws.ConfigClusterResolver - Resolving eureka endpoints via configuration
2025-12-23 09:16:50 INFO  c.n.d.s.r.aws.ConfigClusterResolver - Resolving eureka endpoints via configuration
2025-12-23 09:21:50 INFO  c.n.d.s.r.aws.ConfigClusterResolver - Resolving eureka endpoints via configuration
2025-12-23 09:26:50 INFO  c.n.d.s.r.aws.ConfigClusterResolver - Resolving eureka endpoints via configuration
2025-12-23 09:31:50 INFO  c.n.d.s.r.aws.ConfigClusterResolver - Resolving eureka endpoints via configuration
2025-12-23 09:36:50 INFO  c.n.d.s.r.aws.ConfigClusterResolver - Resolving eureka endpoints via configuration
2025-12-23 09:41:50 INFO  c.n.d.s.r.aws.ConfigClusterResolver - Resolving eureka endpoints via configuration
2025-12-23 09:46:50 INFO  c.n.d.s.r.aws.ConfigClusterResolver - Resolving eureka endpoints via configuration
2025-12-23 09:51:50 INFO  c.n.d.s.r.aws.ConfigClusterResolver - Resolving eureka endpoints via configuration
2025-12-23 09:56:50 INFO  c.n.d.s.r.aws.ConfigClusterResolver - Resolving eureka endpoints via configuration
2025-12-23 10:01:50 INFO  c.n.d.s.r.aws.ConfigClusterResolver - Resolving eureka endpoints via configuration
2025-12-23 10:06:50 INFO  c.n.d.s.r.aws.ConfigClusterResolver - Resolving eureka endpoints via configuration
2025-12-23 10:11:50 INFO  c.n.d.s.r.aws.ConfigClusterResolver - Resolving eureka endpoints via configuration
2025-12-23 10:16:50 INFO  c.n.d.s.r.aws.ConfigClusterResolver - Resolving eureka endpoints via configuration
2025-12-23 10:21:50 INFO  c.n.d.s.r.aws.ConfigClusterResolver - Resolving eureka endpoints via configuration
2025-12-23 10:26:50 INFO  c.n.d.s.r.aws.ConfigClusterResolver - Resolving eureka endpoints via configuration
2025-12-23 10:31:50 INFO  c.n.d.s.r.aws.ConfigClusterResolver - Resolving eureka endpoints via configuration
2025-12-23 10:36:50 INFO  c.n.d.s.r.aws.ConfigClusterResolver - Resolving eureka endpoints via configuration
2025-12-23 10:41:50 INFO  c.n.d.s.r.aws.ConfigClusterResolver - Resolving eureka endpoints via configuration
2025-12-23 10:46:50 INFO  c.n.d.s.r.aws.ConfigClusterResolver - Resolving eureka endpoints via configuration
2025-12-23 10:51:50 INFO  c.n.d.s.r.aws.ConfigClusterResolver - Resolving eureka endpoints via configuration
2025-12-23 10:56:50 INFO  c.n.d.s.r.aws.ConfigClusterResolver - Resolving eureka endpoints via configuration
2025-12-23 11:01:50 INFO  c.n.d.s.r.aws.ConfigClusterResolver - Resolving eureka endpoints via configuration
2025-12-23 11:06:50 INFO  c.n.d.s.r.aws.ConfigClusterResolver - Resolving eureka endpoints via configuration
2025-12-23 11:11:50 INFO  c.n.d.s.r.aws.ConfigClusterResolver - Resolving eureka endpoints via configuration
2025-12-23 11:16:50 INFO  c.n.d.s.r.aws.ConfigClusterResolver - Resolving eureka endpoints via configuration
2025-12-23 11:21:50 INFO  c.n.d.s.r.aws.ConfigClusterResolver - Resolving eureka endpoints via configuration
2025-12-23 11:26:50 INFO  c.n.d.s.r.aws.ConfigClusterResolver - Resolving eureka endpoints via configuration
2025-12-23 11:31:50 INFO  c.n.d.s.r.aws.ConfigClusterResolver - Resolving eureka endpoints via configuration
2025-12-23 11:36:50 INFO  c.n.d.s.r.aws.ConfigClusterResolver - Resolving eureka endpoints via configuration
2025-12-23 11:41:50 INFO  c.n.d.s.r.aws.ConfigClusterResolver - Resolving eureka endpoints via configuration
2025-12-23 11:46:50 INFO  c.n.d.s.r.aws.ConfigClusterResolver - Resolving eureka endpoints via configuration
2025-12-23 11:51:50 INFO  c.n.d.s.r.aws.ConfigClusterResolver - Resolving eureka endpoints via configuration
2025-12-23 11:56:50 INFO  c.n.d.s.r.aws.ConfigClusterResolver - Resolving eureka endpoints via configuration
2025-12-23 12:01:50 INFO  c.n.d.s.r.aws.ConfigClusterResolver - Resolving eureka endpoints via configuration
2025-12-23 12:06:50 INFO  c.n.d.s.r.aws.ConfigClusterResolver - Resolving eureka endpoints via configuration
2025-12-23 12:11:49 INFO  c.n.d.s.r.aws.ConfigClusterResolver - Resolving eureka endpoints via configuration
2025-12-23 12:16:49 INFO  c.n.d.s.r.aws.ConfigClusterResolver - Resolving eureka endpoints via configuration
2025-12-23 12:21:49 INFO  c.n.d.s.r.aws.ConfigClusterResolver - Resolving eureka endpoints via configuration
2025-12-23 12:26:49 INFO  c.n.d.s.r.aws.ConfigClusterResolver - Resolving eureka endpoints via configuration
2025-12-23 12:31:49 INFO  c.n.d.s.r.aws.ConfigClusterResolver - Resolving eureka endpoints via configuration
2025-12-23 12:36:49 INFO  c.n.d.s.r.aws.ConfigClusterResolver - Resolving eureka endpoints via configuration
2025-12-23 12:41:49 INFO  c.n.d.s.r.aws.ConfigClusterResolver - Resolving eureka endpoints via configuration
2025-12-23 12:46:49 INFO  c.n.d.s.r.aws.ConfigClusterResolver - Resolving eureka endpoints via configuration
2025-12-23 12:51:49 INFO  c.n.d.s.r.aws.ConfigClusterResolver - Resolving eureka endpoints via configuration
2025-12-23 12:56:49 INFO  c.n.d.s.r.aws.ConfigClusterResolver - Resolving eureka endpoints via configuration
2025-12-23 13:01:49 INFO  c.n.d.s.r.aws.ConfigClusterResolver - Resolving eureka endpoints via configuration
2025-12-23 13:06:49 INFO  c.n.d.s.r.aws.ConfigClusterResolver - Resolving eureka endpoints via configuration
2025-12-23 13:11:49 INFO  c.n.d.s.r.aws.ConfigClusterResolver - Resolving eureka endpoints via configuration
2025-12-23 13:16:49 INFO  c.n.d.s.r.aws.ConfigClusterResolver - Resolving eureka endpoints via configuration
2025-12-23 13:21:49 INFO  c.n.d.s.r.aws.ConfigClusterResolver - Resolving eureka endpoints via configuration
2025-12-23 13:26:49 INFO  c.n.d.s.r.aws.ConfigClusterResolver - Resolving eureka endpoints via configuration
2025-12-23 13:31:49 INFO  c.n.d.s.r.aws.ConfigClusterResolver - Resolving eureka endpoints via configuration
2025-12-23 13:36:49 INFO  c.n.d.s.r.aws.ConfigClusterResolver - Resolving eureka endpoints via configuration
2025-12-23 13:41:49 INFO  c.n.d.s.r.aws.ConfigClusterResolver - Resolving eureka endpoints via configuration
2025-12-23 13:46:49 INFO  c.n.d.s.r.aws.ConfigClusterResolver - Resolving eureka endpoints via configuration
2025-12-23 13:51:49 INFO  c.n.d.s.r.aws.ConfigClusterResolver - Resolving eureka endpoints via configuration
2025-12-23 13:56:49 INFO  c.n.d.s.r.aws.ConfigClusterResolver - Resolving eureka endpoints via configuration
2025-12-23 14:01:49 INFO  c.n.d.s.r.aws.ConfigClusterResolver - Resolving eureka endpoints via configuration
2025-12-23 14:06:49 INFO  c.n.d.s.r.aws.ConfigClusterResolver - Resolving eureka endpoints via configuration
2025-12-23 14:11:49 INFO  c.n.d.s.r.aws.ConfigClusterResolver - Resolving eureka endpoints via configuration
2025-12-23 14:16:49 INFO  c.n.d.s.r.aws.ConfigClusterResolver - Resolving eureka endpoints via configuration
2025-12-23 14:21:49 INFO  c.n.d.s.r.aws.ConfigClusterResolver - Resolving eureka endpoints via configuration
2025-12-23 14:26:49 INFO  c.n.d.s.r.aws.ConfigClusterResolver - Resolving eureka endpoints via configuration
2025-12-23 14:31:49 INFO  c.n.d.s.r.aws.ConfigClusterResolver - Resolving eureka endpoints via configuration
2025-12-23 14:36:49 INFO  c.n.d.s.r.aws.ConfigClusterResolver - Resolving eureka endpoints via configuration
2025-12-23 14:41:49 INFO  c.n.d.s.r.aws.ConfigClusterResolver - Resolving eureka endpoints via configuration
2025-12-23 14:46:49 INFO  c.n.d.s.r.aws.ConfigClusterResolver - Resolving eureka endpoints via configuration
2025-12-23 14:51:49 INFO  c.n.d.s.r.aws.ConfigClusterResolver - Resolving eureka endpoints via configuration
2025-12-23 14:56:49 INFO  c.n.d.s.r.aws.ConfigClusterResolver - Resolving eureka endpoints via configuration
2025-12-23 15:01:49 INFO  c.n.d.s.r.aws.ConfigClusterResolver - Resolving eureka endpoints via configuration
2025-12-23 15:06:49 INFO  c.n.d.s.r.aws.ConfigClusterResolver - Resolving eureka endpoints via configuration
2025-12-23 15:11:49 INFO  c.n.d.s.r.aws.ConfigClusterResolver - Resolving eureka endpoints via configuration
2025-12-23 15:16:49 INFO  c.n.d.s.r.aws.ConfigClusterResolver - Resolving eureka endpoints via configuration
2025-12-23 15:21:49 INFO  c.n.d.s.r.aws.ConfigClusterResolver - Resolving eureka endpoints via configuration
2025-12-23 15:26:49 INFO  c.n.d.s.r.aws.ConfigClusterResolver - Resolving eureka endpoints via configuration
2025-12-23 15:31:49 INFO  c.n.d.s.r.aws.ConfigClusterResolver - Resolving eureka endpoints via configuration
2025-12-23 15:36:49 INFO  c.n.d.s.r.aws.ConfigClusterResolver - Resolving eureka endpoints via configuration
2025-12-23 15:41:49 INFO  c.n.d.s.r.aws.ConfigClusterResolver - Resolving eureka endpoints via configuration
2025-12-23 15:46:49 INFO  c.n.d.s.r.aws.ConfigClusterResolver - Resolving eureka endpoints via configuration
2025-12-23 15:51:49 INFO  c.n.d.s.r.aws.ConfigClusterResolver - Resolving eureka endpoints via configuration
2025-12-23 15:56:49 INFO  c.n.d.s.r.aws.ConfigClusterResolver - Resolving eureka endpoints via configuration
2025-12-23 16:01:49 INFO  c.n.d.s.r.aws.ConfigClusterResolver - Resolving eureka endpoints via configuration
2025-12-23 16:06:49 INFO  c.n.d.s.r.aws.ConfigClusterResolver - Resolving eureka endpoints via configuration
2025-12-23 16:11:49 INFO  c.n.d.s.r.aws.ConfigClusterResolver - Resolving eureka endpoints via configuration
2025-12-23 16:16:49 INFO  c.n.d.s.r.aws.ConfigClusterResolver - Resolving eureka endpoints via configuration
2025-12-23 16:21:49 INFO  c.n.d.s.r.aws.ConfigClusterResolver - Resolving eureka endpoints via configuration
